<?xml version="1.0" encoding="UTF-8"?>
<testsuite xmlns:xsi="http://www.w3.org/2001/XMLSchema-instance" xsi:noNamespaceSchemaLocation="https://maven.apache.org/surefire/maven-surefire-plugin/xsd/surefire-test-report-3.0.xsd" version="3.0" name="br.com.erudio.unittests.mapper.DozerConverterTest" time="0.343" tests="4" errors="0" skipped="0" failures="0">
  <properties>
[...]
</properties>
  <testcase name="parserVOListToEntityListTest" classname="br.com.erudio.unittests.mapper.DozerConverterTest" time="0.283">
    <system-out><![CDATA[21:24:40.080 [main] INFO com.github.dozermapper.core.util.RuntimeUtils -- OSGi support is false
21:24:40.089 [main] INFO com.github.dozermapper.core.DozerBeanMapperBuilder -- Initializing Dozer. Version: 6.4.0, Thread Name: main
21:24:40.093 [main] INFO com.github.dozermapper.core.config.resolvers.LegacyPropertiesSettingsResolver -- Trying to find Dozer configuration file: dozer.properties
21:24:40.094 [main] INFO com.github.dozermapper.core.config.resolvers.LegacyPropertiesSettingsResolver -- Failed to find dozer.properties via com.github.dozermapper.core.config.resolvers.LegacyPropertiesSettingsResolver.
21:24:40.101 [main] WARN com.github.dozermapper.core.el.ELExpressionFactory -- javax.el is not supported; Failed to resolve ExpressionFactory, com.sun.el.ExpressionFactoryImpl
]]></system-out>
  </testcase>
  <testcase name="parseVOToEntityTest" classname="br.com.erudio.unittests.mapper.DozerConverterTest" time="0.001"/>
  <testcase name="parseEntityListToVOListTest" classname="br.com.erudio.unittests.mapper.DozerConverterTest" time="0.006"/>
  <testcase name="parseEntityToVOTest" classname="br.com.erudio.unittests.mapper.DozerConverterTest" time="0.001"/>
</testsuite>